Arguments: 
  /home/julex/.nvm/versions/node/v16.14.2/bin/node /home/julex/.nvm/versions/node/v16.14.2/bin/yarn init

PATH: 
  /home/julex/.nvm/versions/node/v16.14.2/bin:/home/julex/.yarn/bin:/home/julex/.config/yarn/global/node_modules/.bin:/home/julex/.local/bin:/home/julex/.cargo/bin:/usr/local/bin:/usr/bin:/var/lib/snapd/snap/bin:/usr/local/sbin:/var/lib/flatpak/exports/bin:/usr/bin/site_perl:/usr/bin/vendor_perl:/usr/bin/core_perl:/home/julex/.config/composer/vendor/bin

Yarn version: 
  1.22.18

Node version: 
  16.14.2

Platform: 
  linux x64

Trace: 
  Error: canceled
      at Interface.<anonymous> (/home/julex/.nvm/versions/node/v16.14.2/lib/node_modules/yarn/lib/cli.js:137143:13)
      at Interface.emit (node:events:526:28)
      at Interface._ttyWrite (node:readline:1081:16)
      at ReadStream.onkeypress (node:readline:288:10)
      at ReadStream.emit (node:events:526:28)
      at emitKeys (node:internal/readline/utils:358:14)
      at emitKeys.next (<anonymous>)
      at ReadStream.onData (node:internal/readline/emitKeypressEvents:61:36)
      at ReadStream.emit (node:events:526:28)
      at addChunk (node:internal/streams/readable:315:12)

npm manifest: 
  No manifest

yarn manifest: 
  No manifest

Lockfile: 
  No lockfile
